2021-07-07 17:30:36,435 INFO taxi.dao.CarDaoImpl:47 Car Car(id=20, model=1, manufacturer=taxi.model.Manufacturer@fbcfead3, drivers=[]) was added to DB
2021-07-07 17:30:36,441 INFO taxi.dao.CarDaoImpl:48 C:\Program Files (x86)\TomCat\apache-tomcat-9.0.46\bin
2021-07-07 17:33:33,640 INFO taxi.dao.CarDaoImpl:47 Car Car(id=21, model=1, manufacturer=taxi.model.Manufacturer@fbcfead3, drivers=[]) was added to DB
2021-07-07 17:43:11,378 INFO taxi.dao.DriverDaoImpl:147 Got driver by login: dima
2021-07-07 17:43:15,904 INFO taxi.dao.CarDaoImpl:104 Got all cars from DB complete
2021-07-07 17:43:17,911 INFO taxi.dao.CarDaoImpl:137 Delete car by id = 11 success
2021-07-07 17:43:19,577 INFO taxi.dao.CarDaoImpl:104 Got all cars from DB complete
2021-07-07 17:43:20,113 INFO taxi.dao.CarDaoImpl:137 Delete car by id = 8 success
2021-07-07 17:43:21,442 INFO taxi.dao.CarDaoImpl:104 Got all cars from DB complete
2021-07-07 17:43:25,184 INFO taxi.dao.CarDaoImpl:137 Delete car by id = 6 success
2021-07-07 17:43:26,650 INFO taxi.dao.CarDaoImpl:104 Got all cars from DB complete
2021-07-07 17:43:27,568 INFO taxi.dao.CarDaoImpl:137 Delete car by id = 7 success
2021-07-07 17:43:28,471 INFO taxi.dao.CarDaoImpl:104 Got all cars from DB complete
2021-07-07 17:43:29,415 INFO taxi.dao.CarDaoImpl:137 Delete car by id = 14 success
2021-07-07 17:43:30,347 INFO taxi.dao.CarDaoImpl:104 Got all cars from DB complete
2021-07-07 17:43:31,292 INFO taxi.dao.CarDaoImpl:137 Delete car by id = 16 success
2021-07-07 17:43:32,851 INFO taxi.dao.CarDaoImpl:104 Got all cars from DB complete
2021-07-07 17:43:33,661 INFO taxi.dao.CarDaoImpl:137 Delete car by id = 15 success
2021-07-07 17:43:34,554 INFO taxi.dao.CarDaoImpl:104 Got all cars from DB complete
2021-07-07 17:43:35,174 INFO taxi.dao.CarDaoImpl:137 Delete car by id = 10 success
2021-07-07 17:43:36,084 INFO taxi.dao.CarDaoImpl:104 Got all cars from DB complete
2021-07-07 17:43:37,684 INFO taxi.dao.CarDaoImpl:137 Delete car by id = 12 success
2021-07-07 17:43:47,121 INFO taxi.dao.DriverDaoImpl:38 Driver taxi.model.Driver@548ee940 added to DB
2021-07-07 17:43:53,202 INFO taxi.dao.ManufacturerDaoImpl:33 taxi.model.Manufacturer@6228e added to DB
2021-07-07 17:43:58,702 INFO taxi.dao.DriverDaoImpl:58 Got driver from DB by id = 1
2021-07-07 17:43:58,725 INFO taxi.dao.CarDaoImpl:77 Car Car(id=1, model=x6, manufacturer=taxi.model.Manufacturer@fbcfead3, drivers=[taxi.model.Driver@7db32e4a]) was added to DB
2021-07-07 17:43:58,764 INFO taxi.dao.CarDaoImpl:125 Update car Car(id=1, model=x6, manufacturer=taxi.model.Manufacturer@fbcfead3, drivers=[taxi.model.Driver@7db32e4a, taxi.model.Driver@7e22252f]) complete
